c:\users\arons\onedrive - university of brighton\uni - cs for games\ci517 - game engine fundamentals\assessment\game\game_engine\x64\debug\vc143.pdb
c:\users\arons\onedrive - university of brighton\uni - cs for games\ci517 - game engine fundamentals\assessment\game\game_engine\x64\debug\vc143.idb
c:\users\arons\onedrive - university of brighton\uni - cs for games\ci517 - game engine fundamentals\assessment\game\game_engine\x64\debug\xcube2d.obj
c:\users\arons\onedrive - university of brighton\uni - cs for games\ci517 - game engine fundamentals\assessment\game\game_engine\x64\debug\main.obj
c:\users\arons\onedrive - university of brighton\uni - cs for games\ci517 - game engine fundamentals\assessment\game\game_engine\x64\debug\mygame.obj
c:\users\arons\onedrive - university of brighton\uni - cs for games\ci517 - game engine fundamentals\assessment\game\game_engine\x64\debug\abstractgame.obj
c:\users\arons\onedrive - university of brighton\uni - cs for games\ci517 - game engine fundamentals\assessment\game\game_engine\x64\debug\graphicsengine.obj
c:\users\arons\onedrive - university of brighton\uni - cs for games\ci517 - game engine fundamentals\assessment\game\game_engine\x64\debug\eventengine.obj
c:\users\arons\onedrive - university of brighton\uni - cs for games\ci517 - game engine fundamentals\assessment\game\game_engine\x64\debug\myphysicssubsystem.obj
c:\users\arons\onedrive - university of brighton\uni - cs for games\ci517 - game engine fundamentals\assessment\game\game_engine\x64\debug\mycustomengine.obj
c:\users\arons\onedrive - university of brighton\uni - cs for games\ci517 - game engine fundamentals\assessment\game\game_engine\x64\debug\physicsengine.obj
c:\users\arons\onedrive - university of brighton\uni - cs for games\ci517 - game engine fundamentals\assessment\game\game_engine\x64\debug\game_engine.exe
c:\users\arons\onedrive - university of brighton\uni - cs for games\ci517 - game engine fundamentals\assessment\game\game_engine\x64\debug\game_engine.ilk
c:\users\arons\onedrive - university of brighton\uni - cs for games\ci517 - game engine fundamentals\assessment\game\game_engine\x64\debug\game_engine.pdb
c:\users\arons\onedrive - university of brighton\uni - cs for games\ci517 - game engine fundamentals\assessment\game\game_engine\x64\debug\game_engine.obj
c:\users\arons\onedrive - university of brighton\uni - cs for games\ci517 - game engine fundamentals\assessment\game\game_engine\x64\debug\game_engine.tlog\cl.command.1.tlog
c:\users\arons\onedrive - university of brighton\uni - cs for games\ci517 - game engine fundamentals\assessment\game\game_engine\x64\debug\game_engine.tlog\cl.read.1.tlog
c:\users\arons\onedrive - university of brighton\uni - cs for games\ci517 - game engine fundamentals\assessment\game\game_engine\x64\debug\game_engine.tlog\cl.write.1.tlog
c:\users\arons\onedrive - university of brighton\uni - cs for games\ci517 - game engine fundamentals\assessment\game\game_engine\x64\debug\game_engine.tlog\link.command.1.tlog
c:\users\arons\onedrive - university of brighton\uni - cs for games\ci517 - game engine fundamentals\assessment\game\game_engine\x64\debug\game_engine.tlog\link.read.1.tlog
c:\users\arons\onedrive - university of brighton\uni - cs for games\ci517 - game engine fundamentals\assessment\game\game_engine\x64\debug\game_engine.tlog\link.write.1.tlog
