  GraphicsEngine.cpp
C:\Users\arons\OneDrive - University of Brighton\Uni - CS for Games\CI517 - Game Engine Fundamentals\Assessment\Game\game_engine\GameMath.h(43,9): warning C4244: '+=': conversion from 'const float' to 'int', possible loss of data
C:\Users\arons\OneDrive - University of Brighton\Uni - CS for Games\CI517 - Game Engine Fundamentals\Assessment\Game\game_engine\GameMath.h(44,9): warning C4244: '+=': conversion from 'const float' to 'int', possible loss of data
C:\Users\arons\OneDrive - University of Brighton\Uni - CS for Games\CI517 - Game Engine Fundamentals\Assessment\Game\game_engine\GameMath.h(49,9): warning C4244: '-=': conversion from 'const float' to 'int', possible loss of data
C:\Users\arons\OneDrive - University of Brighton\Uni - CS for Games\CI517 - Game Engine Fundamentals\Assessment\Game\game_engine\GameMath.h(50,9): warning C4244: '-=': conversion from 'const float' to 'int', possible loss of data
C:\Users\arons\OneDrive - University of Brighton\Uni - CS for Games\CI517 - Game Engine Fundamentals\Assessment\Game\game_engine\GameMath.h(97,21): warning C4838: conversion from 'const float' to 'int' requires a narrowing conversion
C:\Users\arons\OneDrive - University of Brighton\Uni - CS for Games\CI517 - Game Engine Fundamentals\Assessment\Game\game_engine\GameMath.h(97,21): warning C4244: 'initializing': conversion from 'const float' to 'int', possible loss of data
C:\Users\arons\OneDrive - University of Brighton\Uni - CS for Games\CI517 - Game Engine Fundamentals\Assessment\Game\game_engine\GameMath.h(97,24): warning C4838: conversion from 'const float' to 'int' requires a narrowing conversion
C:\Users\arons\OneDrive - University of Brighton\Uni - CS for Games\CI517 - Game Engine Fundamentals\Assessment\Game\game_engine\GameMath.h(97,24): warning C4244: 'initializing': conversion from 'const float' to 'int', possible loss of data
C:\Users\arons\OneDrive - University of Brighton\Uni - CS for Games\CI517 - Game Engine Fundamentals\Assessment\Game\game_engine\GameMath.h(97,27): warning C4838: conversion from 'const float' to 'int' requires a narrowing conversion
C:\Users\arons\OneDrive - University of Brighton\Uni - CS for Games\CI517 - Game Engine Fundamentals\Assessment\Game\game_engine\GameMath.h(97,27): warning C4244: 'initializing': conversion from 'const float' to 'int', possible loss of data
C:\Users\arons\OneDrive - University of Brighton\Uni - CS for Games\CI517 - Game Engine Fundamentals\Assessment\Game\game_engine\GameMath.h(97,30): warning C4838: conversion from 'const float' to 'int' requires a narrowing conversion
C:\Users\arons\OneDrive - University of Brighton\Uni - CS for Games\CI517 - Game Engine Fundamentals\Assessment\Game\game_engine\GameMath.h(97,30): warning C4244: 'initializing': conversion from 'const float' to 'int', possible loss of data
C:\Users\arons\OneDrive - University of Brighton\Uni - CS for Games\CI517 - Game Engine Fundamentals\Assessment\Game\game_engine\GameMath.h(115,21): warning C4838: conversion from 'float' to 'int' requires a narrowing conversion
C:\Users\arons\OneDrive - University of Brighton\Uni - CS for Games\CI517 - Game Engine Fundamentals\Assessment\Game\game_engine\GameMath.h(115,21): warning C4244: 'initializing': conversion from 'float' to 'int', possible loss of data
C:\Users\arons\OneDrive - University of Brighton\Uni - CS for Games\CI517 - Game Engine Fundamentals\Assessment\Game\game_engine\GameMath.h(115,24): warning C4838: conversion from 'float' to 'int' requires a narrowing conversion
C:\Users\arons\OneDrive - University of Brighton\Uni - CS for Games\CI517 - Game Engine Fundamentals\Assessment\Game\game_engine\GameMath.h(115,24): warning C4244: 'initializing': conversion from 'float' to 'int', possible loss of data
C:\Users\arons\OneDrive - University of Brighton\Uni - CS for Games\CI517 - Game Engine Fundamentals\Assessment\Game\game_engine\GameMath.h(115,27): warning C4838: conversion from 'float' to 'int' requires a narrowing conversion
C:\Users\arons\OneDrive - University of Brighton\Uni - CS for Games\CI517 - Game Engine Fundamentals\Assessment\Game\game_engine\GameMath.h(115,27): warning C4244: 'initializing': conversion from 'float' to 'int', possible loss of data
C:\Users\arons\OneDrive - University of Brighton\Uni - CS for Games\CI517 - Game Engine Fundamentals\Assessment\Game\game_engine\GameMath.h(115,30): warning C4838: conversion from 'float' to 'int' requires a narrowing conversion
C:\Users\arons\OneDrive - University of Brighton\Uni - CS for Games\CI517 - Game Engine Fundamentals\Assessment\Game\game_engine\GameMath.h(115,30): warning C4244: 'initializing': conversion from 'float' to 'int', possible loss of data
  game_engine.vcxproj -> C:\Users\arons\OneDrive - University of Brighton\Uni - CS for Games\CI517 - Game Engine Fundamentals\Assessment\Game\game_engine\x64\Debug\game_engine.exe
